<?xml version="1.0" encoding="UTF-8"?>
<testng-results skipped="0" failed="2" total="3" passed="1">
  <reporter-output>
  </reporter-output>
  <suite name="Parallel test suite" duration-ms="317797" started-at="2016-09-28T18:13:23Z" finished-at="2016-09-28T18:18:41Z">
    <groups>
    </groups>
    <test name="Chrome Test" duration-ms="105119" started-at="2016-09-28T18:13:23Z" finished-at="2016-09-28T18:15:08Z">
      <class name="example.RecorridoCencosudChrome">
        <test-method status="PASS" signature="setUp()[pri:0, instance:example.RecorridoCencosudChrome@fd5a10c]" name="setUp" is-config="true" duration-ms="770" started-at="2016-09-28T15:13:23Z" finished-at="2016-09-28T15:13:24Z">
          <reporter-output>
          </reporter-output>
        </test-method> <!-- setUp -->
        <test-method status="PASS" signature="beforeMethod()[pri:0, instance:example.RecorridoCencosudChrome@fd5a10c]" name="beforeMethod" is-config="true" duration-ms="1" started-at="2016-09-28T15:13:24Z" finished-at="2016-09-28T15:13:24Z">
          <reporter-output>
          </reporter-output>
        </test-method> <!-- beforeMethod -->
        <test-method status="PASS" signature="setUp()[pri:0, instance:example.RecorridoCencosudChrome@fd5a10c]" name="setUp" is-config="true" duration-ms="58" started-at="2016-09-28T15:13:24Z" finished-at="2016-09-28T15:13:24Z">
          <reporter-output>
          </reporter-output>
        </test-method> <!-- setUp -->
        <test-method status="FAIL" signature="testUntitled()[pri:0, instance:example.RecorridoCencosudChrome@fd5a10c]" name="testUntitled" duration-ms="104204" started-at="2016-09-28T15:13:24Z" finished-at="2016-09-28T15:15:08Z">
          <exception class="org.openqa.selenium.WebDriverException">
            <message>
              <![CDATA[Cannot find links for com.gargoylesoftware.htmlunit.UnexpectedPage@662cf8e5
Command duration or timeout: 30.12 seconds
Build info: version: '2.53.1', revision: 'a36b8b1cd5757287168e54b817830adce9b0158d', time: '2016-06-30 19:26:09'
System info: host: 'Joasmaryp', ip: '192.168.0.109', os.name: 'Windows 8.1', os.arch: 'amd64', os.version: '6.3', java.version: '1.7.0_79'
*** Element info: {Using=link text, value=MANTENEDORES}
Session ID: 108a163c-8330-46f6-8c2d-88b7067a37b9
Driver info: org.openqa.selenium.remote.RemoteWebDriver
Capabilities [{platform=LINUX, cssSelectorsEnabled=true, javascriptEnabled=true, browserName=htmlunit, webdriver.remote.sessionid=108a163c-8330-46f6-8c2d-88b7067a37b9, version=null}]]]>
            </message>
            <full-stacktrace>
              <![CDATA[org.openqa.selenium.WebDriverException: Cannot find links for com.gargoylesoftware.htmlunit.UnexpectedPage@662cf8e5
Command duration or timeout: 30.12 seconds
Build info: version: '2.53.1', revision: 'a36b8b1cd5757287168e54b817830adce9b0158d', time: '2016-06-30 19:26:09'
System info: host: 'Joasmaryp', ip: '192.168.0.109', os.name: 'Windows 8.1', os.arch: 'amd64', os.version: '6.3', java.version: '1.7.0_79'
*** Element info: {Using=link text, value=MANTENEDORES}
Session ID: 108a163c-8330-46f6-8c2d-88b7067a37b9
Driver info: org.openqa.selenium.remote.RemoteWebDriver
Capabilities [{platform=LINUX, cssSelectorsEnabled=true, javascriptEnabled=true, browserName=htmlunit, webdriver.remote.sessionid=108a163c-8330-46f6-8c2d-88b7067a37b9, version=null}]
	at sun.reflect.NativeConstructorAccessorImpl.newInstance0(Native Method)
	at sun.reflect.NativeConstructorAccessorImpl.newInstance(NativeConstructorAccessorImpl.java:57)
	at sun.reflect.DelegatingConstructorAccessorImpl.newInstance(DelegatingConstructorAccessorImpl.java:45)
	at java.lang.reflect.Constructor.newInstance(Constructor.java:526)
	at org.openqa.selenium.remote.ErrorHandler.createThrowable(ErrorHandler.java:206)
	at org.openqa.selenium.remote.ErrorHandler.throwIfResponseFailed(ErrorHandler.java:158)
	at org.openqa.selenium.remote.RemoteWebDriver.execute(RemoteWebDriver.java:678)
	at org.openqa.selenium.remote.RemoteWebDriver.findElement(RemoteWebDriver.java:363)
	at org.openqa.selenium.remote.RemoteWebDriver.findElementByLinkText(RemoteWebDriver.java:428)
	at org.openqa.selenium.By$ByLinkText.findElement(By.java:246)
	at org.openqa.selenium.remote.RemoteWebDriver.findElement(RemoteWebDriver.java:355)
	at example.RecorridoCencosudChrome.testUntitled(RecorridoCencosudChrome.java:84)
	at sun.reflect.NativeMethodAccessorImpl.invoke0(Native Method)
	at sun.reflect.NativeMethodAccessorImpl.invoke(NativeMethodAccessorImpl.java:57)
	at sun.reflect.DelegatingMethodAccessorImpl.invoke(DelegatingMethodAccessorImpl.java:43)
	at java.lang.reflect.Method.invoke(Method.java:606)
	at org.testng.internal.MethodInvocationHelper.invokeMethod(MethodInvocationHelper.java:80)
	at org.testng.internal.Invoker.invokeMethod(Invoker.java:714)
	at org.testng.internal.Invoker.invokeTestMethod(Invoker.java:901)
	at org.testng.internal.Invoker.invokeTestMethods(Invoker.java:1231)
	at org.testng.internal.TestMethodWorker.invokeTestMethods(TestMethodWorker.java:127)
	at org.testng.internal.TestMethodWorker.run(TestMethodWorker.java:111)
	at org.testng.TestRunner.privateRun(TestRunner.java:767)
	at org.testng.TestRunner.run(TestRunner.java:617)
	at org.testng.SuiteRunner.runTest(SuiteRunner.java:334)
	at org.testng.SuiteRunner.access$000(SuiteRunner.java:37)
	at org.testng.SuiteRunner$SuiteWorker.run(SuiteRunner.java:368)
	at org.testng.internal.thread.ThreadUtil$2.call(ThreadUtil.java:64)
	at java.util.concurrent.FutureTask.run(FutureTask.java:262)
	at java.util.concurrent.ThreadPoolExecutor.runWorker(ThreadPoolExecutor.java:1145)
	at java.util.concurrent.ThreadPoolExecutor$Worker.run(ThreadPoolExecutor.java:615)
	at java.lang.Thread.run(Thread.java:745)
Caused by: java.lang.IllegalStateException: Cannot find links for com.gargoylesoftware.htmlunit.UnexpectedPage@662cf8e5
	at org.openqa.selenium.htmlunit.HtmlUnitDriver.findElementByLinkText(HtmlUnitDriver.java:951)
	at org.openqa.selenium.By$ByLinkText.findElement(By.java:246)
	at org.openqa.selenium.htmlunit.HtmlUnitDriver$5.call(HtmlUnitDriver.java:1705)
	at org.openqa.selenium.htmlunit.HtmlUnitDriver$5.call(HtmlUnitDriver.java:1701)
	at org.openqa.selenium.htmlunit.HtmlUnitDriver.implicitlyWaitFor(HtmlUnitDriver.java:1347)
	at org.openqa.selenium.htmlunit.HtmlUnitDriver.findElement(HtmlUnitDriver.java:1701)
	at org.openqa.selenium.htmlunit.HtmlUnitDriver.findElement(HtmlUnitDriver.java:586)
	at sun.reflect.GeneratedMethodAccessor136.invoke(Unknown Source)
	at sun.reflect.DelegatingMethodAccessorImpl.invoke(DelegatingMethodAccessorImpl.java:43)
	at java.lang.reflect.Method.invoke(Method.java:498)
	at org.openqa.selenium.support.events.EventFiringWebDriver$2.invoke(EventFiringWebDriver.java:103)
	at com.sun.proxy.$Proxy20.findElement(Unknown Source)
	at org.openqa.selenium.support.events.EventFiringWebDriver.findElement(EventFiringWebDriver.java:188)
	at org.openqa.selenium.remote.server.handler.FindElement.call(FindElement.java:48)
	at org.openqa.selenium.remote.server.handler.FindElement.call(FindElement.java:1)
	at java.util.concurrent.FutureTask.run(FutureTask.java:266)
	at org.openqa.selenium.remote.server.DefaultSession$1.run(DefaultSession.java:176)
	at java.util.concurrent.ThreadPoolExecutor.runWorker(ThreadPoolExecutor.java:1142)
	at java.util.concurrent.ThreadPoolExecutor$Worker.run(ThreadPoolExecutor.java:617)
	... 1 more
]]>
            </full-stacktrace>
          </exception> <!-- org.openqa.selenium.WebDriverException -->
          <reporter-output>
          </reporter-output>
        </test-method> <!-- testUntitled -->
        <test-method status="PASS" signature="afterMethod()[pri:0, instance:example.RecorridoCencosudChrome@fd5a10c]" name="afterMethod" is-config="true" duration-ms="1" started-at="2016-09-28T15:15:08Z" finished-at="2016-09-28T15:15:08Z">
          <reporter-output>
          </reporter-output>
        </test-method> <!-- afterMethod -->
        <test-method status="PASS" signature="tearDown()[pri:0, instance:example.RecorridoCencosudChrome@fd5a10c]" name="tearDown" is-config="true" duration-ms="60" started-at="2016-09-28T15:15:08Z" finished-at="2016-09-28T15:15:08Z">
          <reporter-output>
          </reporter-output>
        </test-method> <!-- tearDown -->
        <test-method status="PASS" signature="tearDown()[pri:0, instance:example.RecorridoCencosudChrome@fd5a10c]" name="tearDown" is-config="true" duration-ms="0" started-at="2016-09-28T15:15:08Z" finished-at="2016-09-28T15:15:08Z">
          <reporter-output>
          </reporter-output>
        </test-method> <!-- tearDown -->
      </class> <!-- example.RecorridoCencosudChrome -->
    </test> <!-- Chrome Test -->
    <test name="Internet Explore Test" duration-ms="304306" started-at="2016-09-28T18:13:23Z" finished-at="2016-09-28T18:18:27Z">
      <class name="example.RecorridoCencosudIE">
        <test-method status="PASS" signature="setUp()[pri:0, instance:example.RecorridoCencosudIE@8caa572]" name="setUp" is-config="true" duration-ms="3719" started-at="2016-09-28T15:13:23Z" finished-at="2016-09-28T15:13:26Z">
          <reporter-output>
          </reporter-output>
        </test-method> <!-- setUp -->
        <test-method status="PASS" signature="beforeMethod()[pri:0, instance:example.RecorridoCencosudIE@8caa572]" name="beforeMethod" is-config="true" duration-ms="1" started-at="2016-09-28T15:13:26Z" finished-at="2016-09-28T15:13:26Z">
          <reporter-output>
          </reporter-output>
        </test-method> <!-- beforeMethod -->
        <test-method status="PASS" signature="setUp()[pri:0, instance:example.RecorridoCencosudIE@8caa572]" name="setUp" is-config="true" duration-ms="80" started-at="2016-09-28T15:13:26Z" finished-at="2016-09-28T15:13:27Z">
          <reporter-output>
          </reporter-output>
        </test-method> <!-- setUp -->
        <test-method status="FAIL" signature="testUntitled()[pri:0, instance:example.RecorridoCencosudIE@8caa572]" name="testUntitled" duration-ms="299921" started-at="2016-09-28T15:13:27Z" finished-at="2016-09-28T15:18:26Z">
          <exception class="org.openqa.selenium.NoSuchElementException">
            <message>
              <![CDATA[Unable to locate a node using //a[contains(text(), 'Alejandra Alvarez (Administrador)')]
For documentation on this error, please visit: http://seleniumhq.org/exceptions/no_such_element.html
Build info: version: '2.53.0', revision: '35ae25b', time: '2016-03-15 17:00:58'
System info: host: 'localhost.localdomain', ip: '127.0.0.1', os.name: 'Linux', os.arch: 'amd64', os.version: '3.10.0-327.el7.x86_64', java.version: '1.8.0_91'
Driver info: driver.version: EventFiringWebDriver
Command duration or timeout: 30.09 seconds
For documentation on this error, please visit: http://seleniumhq.org/exceptions/no_such_element.html
Build info: version: '2.53.1', revision: 'a36b8b1cd5757287168e54b817830adce9b0158d', time: '2016-06-30 19:26:09'
System info: host: 'Joasmaryp', ip: '192.168.0.109', os.name: 'Windows 8.1', os.arch: 'amd64', os.version: '6.3', java.version: '1.7.0_79'
*** Element info: {Using=xpath, value=//a[contains(text(), 'Alejandra Alvarez (Administrador)')]}
Session ID: 67b3d626-4de4-4915-b091-fa1c79714e82
Driver info: org.openqa.selenium.remote.RemoteWebDriver
Capabilities [{platform=LINUX, cssSelectorsEnabled=true, javascriptEnabled=true, browserName=htmlunit, webdriver.remote.sessionid=67b3d626-4de4-4915-b091-fa1c79714e82, version=null}]]]>
            </message>
            <full-stacktrace>
              <![CDATA[org.openqa.selenium.NoSuchElementException: Unable to locate a node using //a[contains(text(), 'Alejandra Alvarez (Administrador)')]
For documentation on this error, please visit: http://seleniumhq.org/exceptions/no_such_element.html
Build info: version: '2.53.0', revision: '35ae25b', time: '2016-03-15 17:00:58'
System info: host: 'localhost.localdomain', ip: '127.0.0.1', os.name: 'Linux', os.arch: 'amd64', os.version: '3.10.0-327.el7.x86_64', java.version: '1.8.0_91'
Driver info: driver.version: EventFiringWebDriver
Command duration or timeout: 30.09 seconds
For documentation on this error, please visit: http://seleniumhq.org/exceptions/no_such_element.html
Build info: version: '2.53.1', revision: 'a36b8b1cd5757287168e54b817830adce9b0158d', time: '2016-06-30 19:26:09'
System info: host: 'Joasmaryp', ip: '192.168.0.109', os.name: 'Windows 8.1', os.arch: 'amd64', os.version: '6.3', java.version: '1.7.0_79'
*** Element info: {Using=xpath, value=//a[contains(text(), 'Alejandra Alvarez (Administrador)')]}
Session ID: 67b3d626-4de4-4915-b091-fa1c79714e82
Driver info: org.openqa.selenium.remote.RemoteWebDriver
Capabilities [{platform=LINUX, cssSelectorsEnabled=true, javascriptEnabled=true, browserName=htmlunit, webdriver.remote.sessionid=67b3d626-4de4-4915-b091-fa1c79714e82, version=null}]
	at sun.reflect.NativeConstructorAccessorImpl.newInstance0(Native Method)
	at sun.reflect.NativeConstructorAccessorImpl.newInstance(NativeConstructorAccessorImpl.java:57)
	at sun.reflect.DelegatingConstructorAccessorImpl.newInstance(DelegatingConstructorAccessorImpl.java:45)
	at java.lang.reflect.Constructor.newInstance(Constructor.java:526)
	at org.openqa.selenium.remote.ErrorHandler.createThrowable(ErrorHandler.java:206)
	at org.openqa.selenium.remote.ErrorHandler.throwIfResponseFailed(ErrorHandler.java:158)
	at org.openqa.selenium.remote.RemoteWebDriver.execute(RemoteWebDriver.java:678)
	at org.openqa.selenium.remote.RemoteWebDriver.findElement(RemoteWebDriver.java:363)
	at org.openqa.selenium.remote.RemoteWebDriver.findElementByXPath(RemoteWebDriver.java:500)
	at org.openqa.selenium.By$ByXPath.findElement(By.java:361)
	at org.openqa.selenium.remote.RemoteWebDriver.findElement(RemoteWebDriver.java:355)
	at example.RecorridoCencosudIE.testUntitled(RecorridoCencosudIE.java:204)
	at sun.reflect.NativeMethodAccessorImpl.invoke0(Native Method)
	at sun.reflect.NativeMethodAccessorImpl.invoke(NativeMethodAccessorImpl.java:57)
	at sun.reflect.DelegatingMethodAccessorImpl.invoke(DelegatingMethodAccessorImpl.java:43)
	at java.lang.reflect.Method.invoke(Method.java:606)
	at org.testng.internal.MethodInvocationHelper.invokeMethod(MethodInvocationHelper.java:80)
	at org.testng.internal.Invoker.invokeMethod(Invoker.java:714)
	at org.testng.internal.Invoker.invokeTestMethod(Invoker.java:901)
	at org.testng.internal.Invoker.invokeTestMethods(Invoker.java:1231)
	at org.testng.internal.TestMethodWorker.invokeTestMethods(TestMethodWorker.java:127)
	at org.testng.internal.TestMethodWorker.run(TestMethodWorker.java:111)
	at org.testng.TestRunner.privateRun(TestRunner.java:767)
	at org.testng.TestRunner.run(TestRunner.java:617)
	at org.testng.SuiteRunner.runTest(SuiteRunner.java:334)
	at org.testng.SuiteRunner.access$000(SuiteRunner.java:37)
	at org.testng.SuiteRunner$SuiteWorker.run(SuiteRunner.java:368)
	at org.testng.internal.thread.ThreadUtil$2.call(ThreadUtil.java:64)
	at java.util.concurrent.FutureTask.run(FutureTask.java:262)
	at java.util.concurrent.ThreadPoolExecutor.runWorker(ThreadPoolExecutor.java:1145)
	at java.util.concurrent.ThreadPoolExecutor$Worker.run(ThreadPoolExecutor.java:615)
	at java.lang.Thread.run(Thread.java:745)
Caused by: org.openqa.selenium.NoSuchElementException: Unable to locate a node using //a[contains(text(), 'Alejandra Alvarez (Administrador)')]
For documentation on this error, please visit: http://seleniumhq.org/exceptions/no_such_element.html
Build info: version: '2.53.0', revision: '35ae25b', time: '2016-03-15 17:00:58'
System info: host: 'localhost.localdomain', ip: '127.0.0.1', os.name: 'Linux', os.arch: 'amd64', os.version: '3.10.0-327.el7.x86_64', java.version: '1.8.0_91'
Driver info: driver.version: EventFiringWebDriver
For documentation on this error, please visit: http://seleniumhq.org/exceptions/no_such_element.html
Build info: version: '2.53.1', revision: 'a36b8b1cd5757287168e54b817830adce9b0158d', time: '2016-06-30 19:26:09'
System info: host: 'Joasmaryp', ip: '192.168.0.109', os.name: 'Windows 8.1', os.arch: 'amd64', os.version: '6.3', java.version: '1.7.0_79'
Driver info: driver.version: EventFiringWebDriver
	at org.openqa.selenium.htmlunit.HtmlUnitDriver.findElementByXPath(HtmlUnitDriver.java:1145)
	at org.openqa.selenium.By$ByXPath.findElement(By.java:361)
	at org.openqa.selenium.htmlunit.HtmlUnitDriver$5.call(HtmlUnitDriver.java:1705)
	at org.openqa.selenium.htmlunit.HtmlUnitDriver$5.call(HtmlUnitDriver.java:1701)
	at org.openqa.selenium.htmlunit.HtmlUnitDriver.implicitlyWaitFor(HtmlUnitDriver.java:1347)
	at org.openqa.selenium.htmlunit.HtmlUnitDriver.findElement(HtmlUnitDriver.java:1701)
	at org.openqa.selenium.htmlunit.HtmlUnitDriver.findElement(HtmlUnitDriver.java:586)
	at sun.reflect.GeneratedMethodAccessor136.invoke(Unknown Source)
	at sun.reflect.DelegatingMethodAccessorImpl.invoke(DelegatingMethodAccessorImpl.java:43)
	at java.lang.reflect.Method.invoke(Method.java:498)
	at org.openqa.selenium.support.events.EventFiringWebDriver$2.invoke(EventFiringWebDriver.java:103)
	at com.sun.proxy.$Proxy20.findElement(Unknown Source)
	at org.openqa.selenium.support.events.EventFiringWebDriver.findElement(EventFiringWebDriver.java:188)
	at org.openqa.selenium.remote.server.handler.FindElement.call(FindElement.java:48)
	at org.openqa.selenium.remote.server.handler.FindElement.call(FindElement.java:1)
	at java.util.concurrent.FutureTask.run(FutureTask.java:266)
	at org.openqa.selenium.remote.server.DefaultSession$1.run(DefaultSession.java:176)
	at java.util.concurrent.ThreadPoolExecutor.runWorker(ThreadPoolExecutor.java:1142)
	at java.util.concurrent.ThreadPoolExecutor$Worker.run(ThreadPoolExecutor.java:617)
	... 1 more
]]>
            </full-stacktrace>
          </exception> <!-- org.openqa.selenium.NoSuchElementException -->
          <reporter-output>
          </reporter-output>
        </test-method> <!-- testUntitled -->
        <test-method status="PASS" signature="afterMethod()[pri:0, instance:example.RecorridoCencosudIE@8caa572]" name="afterMethod" is-config="true" duration-ms="1" started-at="2016-09-28T15:18:26Z" finished-at="2016-09-28T15:18:26Z">
          <reporter-output>
          </reporter-output>
        </test-method> <!-- afterMethod -->
        <test-method status="PASS" signature="tearDown()[pri:0, instance:example.RecorridoCencosudIE@8caa572]" name="tearDown" is-config="true" duration-ms="563" started-at="2016-09-28T15:18:26Z" finished-at="2016-09-28T15:18:27Z">
          <reporter-output>
          </reporter-output>
        </test-method> <!-- tearDown -->
        <test-method status="PASS" signature="tearDown()[pri:0, instance:example.RecorridoCencosudIE@8caa572]" name="tearDown" is-config="true" duration-ms="0" started-at="2016-09-28T15:18:27Z" finished-at="2016-09-28T15:18:27Z">
          <reporter-output>
          </reporter-output>
        </test-method> <!-- tearDown -->
      </class> <!-- example.RecorridoCencosudIE -->
    </test> <!-- Internet Explore Test -->
    <test name="Firefox Test" duration-ms="317797" started-at="2016-09-28T18:13:23Z" finished-at="2016-09-28T18:18:41Z">
      <class name="example.RecorridoCencosudFirefox">
        <test-method status="PASS" signature="setUp()[pri:0, instance:example.RecorridoCencosudFirefox@498f3db0]" name="setUp" is-config="true" duration-ms="3747" started-at="2016-09-28T15:13:23Z" finished-at="2016-09-28T15:13:27Z">
          <reporter-output>
          </reporter-output>
        </test-method> <!-- setUp -->
        <test-method status="PASS" signature="setUp()[pri:0, instance:example.RecorridoCencosudFirefox@498f3db0]" name="setUp" is-config="true" duration-ms="69" started-at="2016-09-28T15:13:27Z" finished-at="2016-09-28T15:13:27Z">
          <reporter-output>
          </reporter-output>
        </test-method> <!-- setUp -->
        <test-method status="PASS" signature="beforeMethod()[pri:0, instance:example.RecorridoCencosudFirefox@498f3db0]" name="beforeMethod" is-config="true" duration-ms="0" started-at="2016-09-28T15:13:27Z" finished-at="2016-09-28T15:13:27Z">
          <reporter-output>
          </reporter-output>
        </test-method> <!-- beforeMethod -->
        <test-method status="PASS" signature="testUntitled()[pri:0, instance:example.RecorridoCencosudFirefox@498f3db0]" name="testUntitled" duration-ms="313968" started-at="2016-09-28T15:13:27Z" finished-at="2016-09-28T15:18:41Z">
          <reporter-output>
          </reporter-output>
        </test-method> <!-- testUntitled -->
        <test-method status="PASS" signature="afterMethod()[pri:0, instance:example.RecorridoCencosudFirefox@498f3db0]" name="afterMethod" is-config="true" duration-ms="0" started-at="2016-09-28T15:18:41Z" finished-at="2016-09-28T15:18:41Z">
          <reporter-output>
          </reporter-output>
        </test-method> <!-- afterMethod -->
        <test-method status="PASS" signature="tearDown()[pri:0, instance:example.RecorridoCencosudFirefox@498f3db0]" name="tearDown" is-config="true" duration-ms="1" started-at="2016-09-28T15:18:41Z" finished-at="2016-09-28T15:18:41Z">
          <reporter-output>
          </reporter-output>
        </test-method> <!-- tearDown -->
        <test-method status="PASS" signature="tearDown()[pri:0, instance:example.RecorridoCencosudFirefox@498f3db0]" name="tearDown" is-config="true" duration-ms="1" started-at="2016-09-28T15:18:41Z" finished-at="2016-09-28T15:18:41Z">
          <reporter-output>
          </reporter-output>
        </test-method> <!-- tearDown -->
      </class> <!-- example.RecorridoCencosudFirefox -->
    </test> <!-- Firefox Test -->
  </suite> <!-- Parallel test suite -->
</testng-results>
