<?xml version="1.0" encoding="UTF-8"?>
<testng-results skipped="0" failed="0" total="1" passed="1">
  <reporter-output>
  </reporter-output>
  <suite name="Default suite" duration-ms="267437" started-at="2016-09-30T14:03:34Z" finished-at="2016-09-30T14:08:01Z">
    <groups>
    </groups>
    <test name="Default test" duration-ms="267437" started-at="2016-09-30T14:03:34Z" finished-at="2016-09-30T14:08:01Z">
      <class name="example.RecorridoCencosudFirefox">
        <test-method status="PASS" signature="setUp()[pri:0, instance:example.RecorridoCencosudFirefox@5b2e79d0]" name="setUp" is-config="true" duration-ms="5966" started-at="2016-09-30T11:03:34Z" finished-at="2016-09-30T11:03:40Z">
          <reporter-output>
          </reporter-output>
        </test-method> <!-- setUp -->
        <test-method status="PASS" signature="beforeMethod()[pri:0, instance:example.RecorridoCencosudFirefox@5b2e79d0]" name="beforeMethod" is-config="true" duration-ms="1" started-at="2016-09-30T11:03:40Z" finished-at="2016-09-30T11:03:40Z">
          <reporter-output>
          </reporter-output>
        </test-method> <!-- beforeMethod -->
        <test-method status="PASS" signature="setUp()[pri:0, instance:example.RecorridoCencosudFirefox@5b2e79d0]" name="setUp" is-config="true" duration-ms="3322" started-at="2016-09-30T11:03:40Z" finished-at="2016-09-30T11:03:43Z">
          <reporter-output>
          </reporter-output>
        </test-method> <!-- setUp -->
        <test-method status="PASS" signature="testUntitled()[pri:0, instance:example.RecorridoCencosudFirefox@5b2e79d0]" name="testUntitled" duration-ms="258109" started-at="2016-09-30T11:03:43Z" finished-at="2016-09-30T11:08:01Z">
          <reporter-output>
          </reporter-output>
        </test-method> <!-- testUntitled -->
        <test-method status="PASS" signature="afterMethod()[pri:0, instance:example.RecorridoCencosudFirefox@5b2e79d0]" name="afterMethod" is-config="true" duration-ms="2" started-at="2016-09-30T11:08:01Z" finished-at="2016-09-30T11:08:01Z">
          <reporter-output>
          </reporter-output>
        </test-method> <!-- afterMethod -->
        <test-method status="PASS" signature="tearDown()[pri:0, instance:example.RecorridoCencosudFirefox@5b2e79d0]" name="tearDown" is-config="true" duration-ms="1" started-at="2016-09-30T11:08:01Z" finished-at="2016-09-30T11:08:01Z">
          <reporter-output>
          </reporter-output>
        </test-method> <!-- tearDown -->
        <test-method status="PASS" signature="tearDown()[pri:0, instance:example.RecorridoCencosudFirefox@5b2e79d0]" name="tearDown" is-config="true" duration-ms="1" started-at="2016-09-30T11:08:01Z" finished-at="2016-09-30T11:08:01Z">
          <reporter-output>
          </reporter-output>
        </test-method> <!-- tearDown -->
      </class> <!-- example.RecorridoCencosudFirefox -->
    </test> <!-- Default test -->
  </suite> <!-- Default suite -->
</testng-results>
